Using pre-set license
Built from '2020.3/staging' branch; Version is '2020.3.18f1 (a7d1c678663c) revision 10998214'; Using compiler version '192528614'; Build Type 'Release'
OS: 'Windows 10 Pro; OS build 19043.1202; Version 2009; 64bit' Language: 'ru' Physical Memory: 16313 MB
BatchMode: 1, IsHumanControllingUs: 0, StartBugReporterOnCrash: 0, Is64bit: 1, IsPro: 0

COMMAND LINE ARGUMENTS:
C:\Program Files\Unity\Hub\Editor\2020.3.18f1\Editor\Unity.exe
-adb2
-batchMode
-noUpm
-name
AssetImportWorker0
-projectPath
D:/Unity/LuckySeven
-logFile
Logs/AssetImportWorker0.log
-srvPort
53095
Successfully changed project path to: D:/Unity/LuckySeven
D:/Unity/LuckySeven
Using Asset Import Pipeline V2.
Refreshing native plugins compatible for Editor in 44.42 ms, found 3 plugins.
Preloading 0 native plugins for Editor in 0.00 ms.
Initialize engine version: 2020.3.18f1 (a7d1c678663c)
[Subsystems] Discovering subsystems at path C:/Program Files/Unity/Hub/Editor/2020.3.18f1/Editor/Data/Resources/UnitySubsystems
[Subsystems] Discovering subsystems at path D:/Unity/LuckySeven/Assets
GfxDevice: creating device client; threaded=0
Direct3D:
    Version:  Direct3D 11.0 [level 11.1]
    Renderer: NVIDIA GeForce GTX 1660 SUPER (ID=0x21c4)
    Vendor:   
    VRAM:     5991 MB
    Driver:   30.0.14.7196
Initialize mono
Mono path[0] = 'C:/Program Files/Unity/Hub/Editor/2020.3.18f1/Editor/Data/Managed'
Mono path[1] = 'C:/Program Files/Unity/Hub/Editor/2020.3.18f1/Editor/Data/MonoBleedingEdge/lib/mono/unityjit'
Mono config path = 'C:/Program Files/Unity/Hub/Editor/2020.3.18f1/Editor/Data/MonoBleedingEdge/etc'
Using monoOptions --debugger-agent=transport=dt_socket,embedding=1,server=y,suspend=n,address=127.0.0.1:56560
Begin MonoManager ReloadAssembly
Registering precompiled unity dll's ...
Register platform support module: C:/Program Files/Unity/Hub/Editor/2020.3.18f1/Editor/Data/PlaybackEngines/WindowsStandaloneSupport/UnityEditor.WindowsStandalone.Extensions.dll
Registered in 0.002349 seconds.
Native extension for WindowsStandalone target not found
Refreshing native plugins compatible for Editor in 43.64 ms, found 3 plugins.
Preloading 0 native plugins for Editor in 0.00 ms.
Mono: successfully reloaded assembly
- Completed reload, in  2.372 seconds
Domain Reload Profiling:
	ReloadAssembly (2372ms)
		BeginReloadAssembly (57ms)
			ExecutionOrderSort (0ms)
			DisableScriptedObjects (0ms)
			BackupInstance (0ms)
			ReleaseScriptingObjects (0ms)
			CreateAndSetChildDomain (1ms)
		EndReloadAssembly (446ms)
			LoadAssemblies (54ms)
			RebuildTransferFunctionScriptingTraits (0ms)
			SetupTypeCache (147ms)
			ReleaseScriptCaches (0ms)
			RebuildScriptCaches (39ms)
			SetupLoadedEditorAssemblies (184ms)
				LogAssemblyErrors (0ms)
				InitializePlatformSupportModulesInManaged (4ms)
				SetLoadedEditorAssemblies (0ms)
				RefreshPlugins (44ms)
				BeforeProcessingInitializeOnLoad (23ms)
				ProcessInitializeOnLoadAttributes (84ms)
				ProcessInitializeOnLoadMethodAttributes (29ms)
				AfterProcessingInitializeOnLoad (0ms)
				EditorAssembliesLoaded (0ms)
			ExecutionOrderSort2 (0ms)
			AwakeInstancesAfterBackupRestoration (0ms)
Platform modules already initialized, skipping
Registering precompiled user dll's ...
Registered in 0.002286 seconds.
Begin MonoManager ReloadAssembly
Native extension for WindowsStandalone target not found
Refreshing native plugins compatible for Editor in 44.42 ms, found 3 plugins.
Preloading 0 native plugins for Editor in 0.00 ms.
Mono: successfully reloaded assembly
- Completed reload, in  1.164 seconds
Domain Reload Profiling:
	ReloadAssembly (1165ms)
		BeginReloadAssembly (148ms)
			ExecutionOrderSort (0ms)
			DisableScriptedObjects (5ms)
			BackupInstance (0ms)
			ReleaseScriptingObjects (0ms)
			CreateAndSetChildDomain (18ms)
		EndReloadAssembly (950ms)
			LoadAssemblies (90ms)
			RebuildTransferFunctionScriptingTraits (0ms)
			SetupTypeCache (284ms)
			ReleaseScriptCaches (1ms)
			RebuildScriptCaches (61ms)
			SetupLoadedEditorAssemblies (385ms)
				LogAssemblyErrors (0ms)
				InitializePlatformSupportModulesInManaged (5ms)
				SetLoadedEditorAssemblies (0ms)
				RefreshPlugins (44ms)
				BeforeProcessingInitializeOnLoad (87ms)
				ProcessInitializeOnLoadAttributes (226ms)
				ProcessInitializeOnLoadMethodAttributes (14ms)
				AfterProcessingInitializeOnLoad (9ms)
				EditorAssembliesLoaded (0ms)
			ExecutionOrderSort2 (0ms)
			AwakeInstancesAfterBackupRestoration (7ms)
Platform modules already initialized, skipping
========================================================================
Worker process is ready to serve import requests
Launched and connected shader compiler UnityShaderCompiler.exe after 0.06 seconds
Refreshing native plugins compatible for Editor in 0.45 ms, found 3 plugins.
Preloading 0 native plugins for Editor in 0.00 ms.
Unloading 2090 Unused Serialized files (Serialized files now loaded: 0)
System memory in use before: 93.0 MB.
System memory in use after: 93.1 MB.

Unloading 26 unused Assets to reduce memory usage. Loaded Objects now: 2529.
Total: 3.008100 ms (FindLiveObjects: 0.204300 ms CreateObjectMapping: 0.046900 ms MarkObjects: 2.689700 ms  DeleteObjects: 0.066300 ms)

AssetImportParameters requested are different than current active one (requested -> active):
  custom:framework-win-MediaFoundation: 216162199b28c13a410421893ffa2e32 -> 
  custom:video-decoder-ogg-theora: a1e56fd34408186e4bbccfd4996cb3dc -> 
  custom:container-muxer-webm: aa71ff27fc2769a1b78a27578f13a17b -> 
  custom:container-demuxer-webm: 4f35f7cbe854078d1ac9338744f61a02 -> 
  custom:container-demuxer-ogg: 62fdf1f143b41e24485cea50d1cbac27 -> 
  custom:video-encoder-webm-vp8: eb34c28f22e8b96e1ab97ce403110664 -> 
  custom:video-decoder-webm-vp8: 9c59270c3fd7afecdb556c50c9e8de78 -> 
  custom:audio-decoder-ogg-vorbis: bf7c407c2cedff20999df2af8eb42d56 -> 
  custom:audio-encoder-webm-vorbis: bf7c407c2cedff20999df2af8eb42d56 -> 
========================================================================
Received Import Request.
  path: Assets/Sprites/CardDown.png
  artifactKey: Guid(b6474eaf35dc9c04eb9c5233d5221885) Importer(815301076,1909f56bfc062723c751e8b465ee728b)
Start importing Assets/Sprites/CardDown.png using Guid(b6474eaf35dc9c04eb9c5233d5221885) Importer(815301076,1909f56bfc062723c751e8b465ee728b)  -> (artifact id: 'a1876cc7196d631c5c0ab5bbb881d133') in 0.095199 seconds 
  Import took 0.098170 seconds .

========================================================================
Received Import Request.
  Time since last request: 0.000196 seconds.
  path: Assets/Sprites/table.png
  artifactKey: Guid(4567493693f9f554994f063d712bf45b) Importer(815301076,1909f56bfc062723c751e8b465ee728b)
Start importing Assets/Sprites/table.png using Guid(4567493693f9f554994f063d712bf45b) Importer(815301076,1909f56bfc062723c751e8b465ee728b)  -> (artifact id: 'fadc1ae6111040b610de202700574885') in 0.022698 seconds 
  Import took 0.025549 seconds .

========================================================================
Received Import Request.
  Time since last request: 0.000187 seconds.
  path: Assets/Sprites/up7.png
  artifactKey: Guid(ab3d1b5f88ad0054192801a947772199) Importer(815301076,1909f56bfc062723c751e8b465ee728b)
Start importing Assets/Sprites/up7.png using Guid(ab3d1b5f88ad0054192801a947772199) Importer(815301076,1909f56bfc062723c751e8b465ee728b)  -> (artifact id: '6114373e0b01d677ebfc79af03f08fba') in 0.021023 seconds 
  Import took 0.023861 seconds .

========================================================================
Received Import Request.
  Time since last request: 0.000197 seconds.
  path: Assets/Sprites/Coin.png
  artifactKey: Guid(023adecd3e8bfb249afb7b8d8662769c) Importer(815301076,1909f56bfc062723c751e8b465ee728b)
Start importing Assets/Sprites/Coin.png using Guid(023adecd3e8bfb249afb7b8d8662769c) Importer(815301076,1909f56bfc062723c751e8b465ee728b)  -> (artifact id: '4287dfb33242e146e92091fb0c160626') in 0.019270 seconds 
  Import took 0.033573 seconds .

========================================================================
Received Import Request.
  Time since last request: 0.000244 seconds.
  path: Assets/Sprites
  artifactKey: Guid(4c339ea9489c4ee418cb232155bf73b3) Importer(815301076,1909f56bfc062723c751e8b465ee728b)
Start importing Assets/Sprites using Guid(4c339ea9489c4ee418cb232155bf73b3) Importer(815301076,1909f56bfc062723c751e8b465ee728b)  -> (artifact id: '0f8185c3bb05c1feafff15237015d91c') in 0.005113 seconds 
  Import took 0.015080 seconds .

========================================================================
Received Import Request.
  Time since last request: 0.000243 seconds.
  path: Assets/Sprites/equal7.png
  artifactKey: Guid(3046e3163640c404ebccc619d250946a) Importer(815301076,1909f56bfc062723c751e8b465ee728b)
Start importing Assets/Sprites/equal7.png using Guid(3046e3163640c404ebccc619d250946a) Importer(815301076,1909f56bfc062723c751e8b465ee728b)  -> (artifact id: 'd4d79f7b6c70c6044b835d2dbb94eae3') in 0.017457 seconds 
  Import took 0.021001 seconds .

========================================================================
Received Import Request.
  Time since last request: 0.000288 seconds.
  path: Assets/Sprites/score.png
  artifactKey: Guid(c9c3b8830ae0df2498f86f9f5e530aa7) Importer(815301076,1909f56bfc062723c751e8b465ee728b)
Start importing Assets/Sprites/score.png using Guid(c9c3b8830ae0df2498f86f9f5e530aa7) Importer(815301076,1909f56bfc062723c751e8b465ee728b)  -> (artifact id: '743c7eb2d04b3f5b57389d676ee09b2d') in 0.023017 seconds 
  Import took 0.034347 seconds .

========================================================================
Received Import Request.
  Time since last request: 0.000243 seconds.
  path: Assets/Sprites/upPoint.png
  artifactKey: Guid(9e77a841f30f19644a973148bf93e179) Importer(815301076,1909f56bfc062723c751e8b465ee728b)
Start importing Assets/Sprites/upPoint.png using Guid(9e77a841f30f19644a973148bf93e179) Importer(815301076,1909f56bfc062723c751e8b465ee728b)  -> (artifact id: 'e89275a2e0b17f2b903d9b6ad9131862') in 0.019774 seconds 
  Import took 0.022635 seconds .

========================================================================
Received Import Request.
  Time since last request: 0.000189 seconds.
  path: Assets/Sprites/emptyPoint.png
  artifactKey: Guid(14c771f442dfb3b46b11c32eacf156db) Importer(815301076,1909f56bfc062723c751e8b465ee728b)
Start importing Assets/Sprites/emptyPoint.png using Guid(14c771f442dfb3b46b11c32eacf156db) Importer(815301076,1909f56bfc062723c751e8b465ee728b)  -> (artifact id: '9889765ac506dca58429e19078203490') in 0.022520 seconds 
  Import took 0.026052 seconds .

========================================================================
Received Import Request.
  Time since last request: 0.000195 seconds.
  path: Assets/Sprites/cards.png
  artifactKey: Guid(f7221a9164873ae45bb4d7b2622f30f1) Importer(815301076,1909f56bfc062723c751e8b465ee728b)
Start importing Assets/Sprites/cards.png using Guid(f7221a9164873ae45bb4d7b2622f30f1) Importer(815301076,1909f56bfc062723c751e8b465ee728b)  -> (artifact id: '29235f20d73a5d67311e673ac0b9e20a') in 0.030860 seconds 
  Import took 0.033702 seconds .

========================================================================
Received Import Request.
  Time since last request: 0.000236 seconds.
  path: Assets/Sprites/downPoint.png
  artifactKey: Guid(e64abb34092e1be4285fbb51ecf1921f) Importer(815301076,1909f56bfc062723c751e8b465ee728b)
Start importing Assets/Sprites/downPoint.png using Guid(e64abb34092e1be4285fbb51ecf1921f) Importer(815301076,1909f56bfc062723c751e8b465ee728b)  -> (artifact id: 'db072750aaab5211f83ba125d7d39ce3') in 0.012395 seconds 
  Import took 0.015696 seconds .

========================================================================
Received Import Request.
  Time since last request: 0.000201 seconds.
  path: Assets/Sprites/down7.png
  artifactKey: Guid(45f09a89ceb8bae419e90e700de3a744) Importer(815301076,1909f56bfc062723c751e8b465ee728b)
Start importing Assets/Sprites/down7.png using Guid(45f09a89ceb8bae419e90e700de3a744) Importer(815301076,1909f56bfc062723c751e8b465ee728b)  -> (artifact id: 'd0153fd43c50a3fb59d0664440007f07') in 0.014080 seconds 
  Import took 0.016877 seconds .

========================================================================
Received Import Request.
  Time since last request: 0.000195 seconds.
  path: Assets/Sprites/equalsPoint.png
  artifactKey: Guid(45a24572b74d2224d8a86222cd4d34cb) Importer(815301076,1909f56bfc062723c751e8b465ee728b)
Start importing Assets/Sprites/equalsPoint.png using Guid(45a24572b74d2224d8a86222cd4d34cb) Importer(815301076,1909f56bfc062723c751e8b465ee728b)  -> (artifact id: 'bf7121a0cd72d622fde5a8e685fa9877') in 0.012965 seconds 
  Import took 0.016269 seconds .

========================================================================
Received Import Request.
  Time since last request: 0.000191 seconds.
  path: Assets/Sprites/-.png
  artifactKey: Guid(a9a60f4a26e25d248b4d429bdab07e2c) Importer(815301076,1909f56bfc062723c751e8b465ee728b)
Start importing Assets/Sprites/-.png using Guid(a9a60f4a26e25d248b4d429bdab07e2c) Importer(815301076,1909f56bfc062723c751e8b465ee728b)  -> (artifact id: '26d04a68d4203bd039c8bef69890297c') in 0.012935 seconds 
  Import took 0.015913 seconds .

========================================================================
Received Import Request.
  Time since last request: 0.000192 seconds.
  path: Assets/Sprites/bg.png
  artifactKey: Guid(f70481bc8b44ff249a69fb6ca6e3fe86) Importer(815301076,1909f56bfc062723c751e8b465ee728b)
Start importing Assets/Sprites/bg.png using Guid(f70481bc8b44ff249a69fb6ca6e3fe86) Importer(815301076,1909f56bfc062723c751e8b465ee728b)  -> (artifact id: '066028cd502b509b842e127eadf0a6c6') in 0.029653 seconds 
  Import took 0.045924 seconds .

========================================================================
Received Import Request.
  Time since last request: 0.000173 seconds.
  path: Assets/Sprites/+.png
  artifactKey: Guid(f1e8ff366654ef046be019d62619419a) Importer(815301076,1909f56bfc062723c751e8b465ee728b)
Start importing Assets/Sprites/+.png using Guid(f1e8ff366654ef046be019d62619419a) Importer(815301076,1909f56bfc062723c751e8b465ee728b)  -> (artifact id: 'ec46a28a60196c1fcae4fa95d271e27b') in 0.012565 seconds 
  Import took 0.015519 seconds .

========================================================================
Received Import Request.
  Time since last request: 0.000236 seconds.
  path: Assets/Sprites/dealer.png
  artifactKey: Guid(da6e2acd234b5c745a6f91e016440652) Importer(815301076,1909f56bfc062723c751e8b465ee728b)
Start importing Assets/Sprites/dealer.png using Guid(da6e2acd234b5c745a6f91e016440652) Importer(815301076,1909f56bfc062723c751e8b465ee728b)  -> (artifact id: '2ce355049c02209dca6b22e38fd167b7') in 0.016408 seconds 
  Import took 0.019844 seconds .

========================================================================
Received Import Request.
  Time since last request: 279.753275 seconds.
  path: Assets/Sprites/cards.png
  artifactKey: Guid(f7221a9164873ae45bb4d7b2622f30f1) Importer(815301076,1909f56bfc062723c751e8b465ee728b)
Start importing Assets/Sprites/cards.png using Guid(f7221a9164873ae45bb4d7b2622f30f1) Importer(815301076,1909f56bfc062723c751e8b465ee728b)  -> (artifact id: '75cf4a56c4dfda4a374fe41b966c79f5') in 0.019306 seconds 
  Import took 0.037172 seconds .

========================================================================
Received Import Request.
  Time since last request: 7.577330 seconds.
  path: Assets/Sprites/cards.png
  artifactKey: Guid(f7221a9164873ae45bb4d7b2622f30f1) Importer(815301076,1909f56bfc062723c751e8b465ee728b)
Start importing Assets/Sprites/cards.png using Guid(f7221a9164873ae45bb4d7b2622f30f1) Importer(815301076,1909f56bfc062723c751e8b465ee728b)  -> (artifact id: '5f0a0c5421effb13feb1c0d6b930c19d') in 0.187737 seconds 
  Import took 0.191065 seconds .

========================================================================
Received Prepare
Registering precompiled user dll's ...
Registered in 0.145583 seconds.
Begin MonoManager ReloadAssembly
Native extension for WindowsStandalone target not found
Refreshing native plugins compatible for Editor in 0.50 ms, found 3 plugins.
Preloading 0 native plugins for Editor in 0.00 ms.
Mono: successfully reloaded assembly
- Completed reload, in  1.079 seconds
Domain Reload Profiling:
	ReloadAssembly (1080ms)
		BeginReloadAssembly (131ms)
			ExecutionOrderSort (0ms)
			DisableScriptedObjects (7ms)
			BackupInstance (0ms)
			ReleaseScriptingObjects (0ms)
			CreateAndSetChildDomain (37ms)
		EndReloadAssembly (880ms)
			LoadAssemblies (91ms)
			RebuildTransferFunctionScriptingTraits (0ms)
			SetupTypeCache (287ms)
			ReleaseScriptCaches (1ms)
			RebuildScriptCaches (55ms)
			SetupLoadedEditorAssemblies (336ms)
				LogAssemblyErrors (0ms)
				InitializePlatformSupportModulesInManaged (6ms)
				SetLoadedEditorAssemblies (1ms)
				RefreshPlugins (1ms)
				BeforeProcessingInitializeOnLoad (89ms)
				ProcessInitializeOnLoadAttributes (225ms)
				ProcessInitializeOnLoadMethodAttributes (7ms)
				AfterProcessingInitializeOnLoad (8ms)
				EditorAssembliesLoaded (0ms)
			ExecutionOrderSort2 (0ms)
			AwakeInstancesAfterBackupRestoration (13ms)
Platform modules already initialized, skipping
Refreshing native plugins compatible for Editor in 0.46 ms, found 3 plugins.
Preloading 0 native plugins for Editor in 0.00 ms.
Unloading 2080 Unused Serialized files (Serialized files now loaded: 0)
System memory in use before: 95.4 MB.
System memory in use after: 95.5 MB.

Unloading 14 unused Assets to reduce memory usage. Loaded Objects now: 2560.
Total: 2.908600 ms (FindLiveObjects: 0.201700 ms CreateObjectMapping: 0.046200 ms MarkObjects: 2.644800 ms  DeleteObjects: 0.014900 ms)

AssetImportParameters requested are different than current active one (requested -> active):
  custom:framework-win-MediaFoundation: 216162199b28c13a410421893ffa2e32 -> 
  custom:video-decoder-ogg-theora: a1e56fd34408186e4bbccfd4996cb3dc -> 
  custom:container-muxer-webm: aa71ff27fc2769a1b78a27578f13a17b -> 
  custom:container-demuxer-webm: 4f35f7cbe854078d1ac9338744f61a02 -> 
  custom:container-demuxer-ogg: 62fdf1f143b41e24485cea50d1cbac27 -> 
  custom:video-encoder-webm-vp8: eb34c28f22e8b96e1ab97ce403110664 -> 
  custom:video-decoder-webm-vp8: 9c59270c3fd7afecdb556c50c9e8de78 -> 
  custom:audio-decoder-ogg-vorbis: bf7c407c2cedff20999df2af8eb42d56 -> 
  custom:audio-encoder-webm-vorbis: bf7c407c2cedff20999df2af8eb42d56 -> 
========================================================================
Received Prepare
Registering precompiled user dll's ...
Registered in 0.002365 seconds.
Begin MonoManager ReloadAssembly
Native extension for WindowsStandalone target not found
Refreshing native plugins compatible for Editor in 0.48 ms, found 3 plugins.
Preloading 0 native plugins for Editor in 0.00 ms.
Mono: successfully reloaded assembly
- Completed reload, in  1.095 seconds
Domain Reload Profiling:
	ReloadAssembly (1096ms)
		BeginReloadAssembly (128ms)
			ExecutionOrderSort (0ms)
			DisableScriptedObjects (8ms)
			BackupInstance (0ms)
			ReleaseScriptingObjects (0ms)
			CreateAndSetChildDomain (35ms)
		EndReloadAssembly (901ms)
			LoadAssemblies (93ms)
			RebuildTransferFunctionScriptingTraits (0ms)
			SetupTypeCache (284ms)
			ReleaseScriptCaches (1ms)
			RebuildScriptCaches (58ms)
			SetupLoadedEditorAssemblies (345ms)
				LogAssemblyErrors (0ms)
				InitializePlatformSupportModulesInManaged (6ms)
				SetLoadedEditorAssemblies (0ms)
				RefreshPlugins (1ms)
				BeforeProcessingInitializeOnLoad (90ms)
				ProcessInitializeOnLoadAttributes (232ms)
				ProcessInitializeOnLoadMethodAttributes (7ms)
				AfterProcessingInitializeOnLoad (9ms)
				EditorAssembliesLoaded (0ms)
			ExecutionOrderSort2 (0ms)
			AwakeInstancesAfterBackupRestoration (16ms)
Platform modules already initialized, skipping
Refreshing native plugins compatible for Editor in 0.65 ms, found 3 plugins.
Preloading 0 native plugins for Editor in 0.00 ms.
Unloading 2080 Unused Serialized files (Serialized files now loaded: 0)
System memory in use before: 95.5 MB.
System memory in use after: 95.6 MB.

Unloading 14 unused Assets to reduce memory usage. Loaded Objects now: 2563.
Total: 2.879300 ms (FindLiveObjects: 0.167300 ms CreateObjectMapping: 0.046500 ms MarkObjects: 2.648600 ms  DeleteObjects: 0.015900 ms)

AssetImportParameters requested are different than current active one (requested -> active):
  custom:framework-win-MediaFoundation: 216162199b28c13a410421893ffa2e32 -> 
  custom:video-decoder-ogg-theora: a1e56fd34408186e4bbccfd4996cb3dc -> 
  custom:container-muxer-webm: aa71ff27fc2769a1b78a27578f13a17b -> 
  custom:container-demuxer-webm: 4f35f7cbe854078d1ac9338744f61a02 -> 
  custom:container-demuxer-ogg: 62fdf1f143b41e24485cea50d1cbac27 -> 
  custom:video-encoder-webm-vp8: eb34c28f22e8b96e1ab97ce403110664 -> 
  custom:video-decoder-webm-vp8: 9c59270c3fd7afecdb556c50c9e8de78 -> 
  custom:audio-decoder-ogg-vorbis: bf7c407c2cedff20999df2af8eb42d56 -> 
  custom:audio-encoder-webm-vorbis: bf7c407c2cedff20999df2af8eb42d56 -> 
========================================================================
Received Prepare
Registering precompiled user dll's ...
Registered in 0.002354 seconds.
Begin MonoManager ReloadAssembly
Native extension for WindowsStandalone target not found
Refreshing native plugins compatible for Editor in 0.47 ms, found 3 plugins.
Preloading 0 native plugins for Editor in 0.00 ms.
Mono: successfully reloaded assembly
- Completed reload, in  1.059 seconds
Domain Reload Profiling:
	ReloadAssembly (1059ms)
		BeginReloadAssembly (116ms)
			ExecutionOrderSort (0ms)
			DisableScriptedObjects (7ms)
			BackupInstance (0ms)
			ReleaseScriptingObjects (0ms)
			CreateAndSetChildDomain (33ms)
		EndReloadAssembly (876ms)
			LoadAssemblies (91ms)
			RebuildTransferFunctionScriptingTraits (0ms)
			SetupTypeCache (280ms)
			ReleaseScriptCaches (1ms)
			RebuildScriptCaches (55ms)
			SetupLoadedEditorAssemblies (337ms)
				LogAssemblyErrors (0ms)
				InitializePlatformSupportModulesInManaged (6ms)
				SetLoadedEditorAssemblies (0ms)
				RefreshPlugins (1ms)
				BeforeProcessingInitializeOnLoad (88ms)
				ProcessInitializeOnLoadAttributes (228ms)
				ProcessInitializeOnLoadMethodAttributes (6ms)
				AfterProcessingInitializeOnLoad (8ms)
				EditorAssembliesLoaded (0ms)
			ExecutionOrderSort2 (0ms)
			AwakeInstancesAfterBackupRestoration (13ms)
Platform modules already initialized, skipping
Refreshing native plugins compatible for Editor in 0.46 ms, found 3 plugins.
Preloading 0 native plugins for Editor in 0.00 ms.
Unloading 2080 Unused Serialized files (Serialized files now loaded: 0)
System memory in use before: 95.5 MB.
System memory in use after: 95.6 MB.

Unloading 14 unused Assets to reduce memory usage. Loaded Objects now: 2566.
Total: 2.929900 ms (FindLiveObjects: 0.200700 ms CreateObjectMapping: 0.049000 ms MarkObjects: 2.663600 ms  DeleteObjects: 0.015700 ms)

AssetImportParameters requested are different than current active one (requested -> active):
  custom:framework-win-MediaFoundation: 216162199b28c13a410421893ffa2e32 -> 
  custom:video-decoder-ogg-theora: a1e56fd34408186e4bbccfd4996cb3dc -> 
  custom:container-muxer-webm: aa71ff27fc2769a1b78a27578f13a17b -> 
  custom:container-demuxer-webm: 4f35f7cbe854078d1ac9338744f61a02 -> 
  custom:container-demuxer-ogg: 62fdf1f143b41e24485cea50d1cbac27 -> 
  custom:video-encoder-webm-vp8: eb34c28f22e8b96e1ab97ce403110664 -> 
  custom:video-decoder-webm-vp8: 9c59270c3fd7afecdb556c50c9e8de78 -> 
  custom:audio-decoder-ogg-vorbis: bf7c407c2cedff20999df2af8eb42d56 -> 
  custom:audio-encoder-webm-vorbis: bf7c407c2cedff20999df2af8eb42d56 -> 
========================================================================
Received Prepare
Registering precompiled user dll's ...
Registered in 0.002277 seconds.
Begin MonoManager ReloadAssembly
Native extension for WindowsStandalone target not found
Refreshing native plugins compatible for Editor in 0.47 ms, found 3 plugins.
Preloading 0 native plugins for Editor in 0.00 ms.
Mono: successfully reloaded assembly
- Completed reload, in  1.073 seconds
Domain Reload Profiling:
	ReloadAssembly (1074ms)
		BeginReloadAssembly (121ms)
			ExecutionOrderSort (0ms)
			DisableScriptedObjects (7ms)
			BackupInstance (0ms)
			ReleaseScriptingObjects (0ms)
			CreateAndSetChildDomain (39ms)
		EndReloadAssembly (886ms)
			LoadAssemblies (90ms)
			RebuildTransferFunctionScriptingTraits (0ms)
			SetupTypeCache (278ms)
			ReleaseScriptCaches (1ms)
			RebuildScriptCaches (55ms)
			SetupLoadedEditorAssemblies (348ms)
				LogAssemblyErrors (0ms)
				InitializePlatformSupportModulesInManaged (6ms)
				SetLoadedEditorAssemblies (0ms)
				RefreshPlugins (1ms)
				BeforeProcessingInitializeOnLoad (91ms)
				ProcessInitializeOnLoadAttributes (234ms)
				ProcessInitializeOnLoadMethodAttributes (7ms)
				AfterProcessingInitializeOnLoad (8ms)
				EditorAssembliesLoaded (0ms)
			ExecutionOrderSort2 (0ms)
			AwakeInstancesAfterBackupRestoration (12ms)
Platform modules already initialized, skipping
Refreshing native plugins compatible for Editor in 0.49 ms, found 3 plugins.
Preloading 0 native plugins for Editor in 0.00 ms.
Unloading 2080 Unused Serialized files (Serialized files now loaded: 0)
System memory in use before: 95.5 MB.
System memory in use after: 95.6 MB.

Unloading 14 unused Assets to reduce memory usage. Loaded Objects now: 2569.
Total: 2.945800 ms (FindLiveObjects: 0.197500 ms CreateObjectMapping: 0.046400 ms MarkObjects: 2.682100 ms  DeleteObjects: 0.018700 ms)

AssetImportParameters requested are different than current active one (requested -> active):
  custom:framework-win-MediaFoundation: 216162199b28c13a410421893ffa2e32 -> 
  custom:video-decoder-ogg-theora: a1e56fd34408186e4bbccfd4996cb3dc -> 
  custom:container-muxer-webm: aa71ff27fc2769a1b78a27578f13a17b -> 
  custom:container-demuxer-webm: 4f35f7cbe854078d1ac9338744f61a02 -> 
  custom:container-demuxer-ogg: 62fdf1f143b41e24485cea50d1cbac27 -> 
  custom:video-encoder-webm-vp8: eb34c28f22e8b96e1ab97ce403110664 -> 
  custom:video-decoder-webm-vp8: 9c59270c3fd7afecdb556c50c9e8de78 -> 
  custom:audio-decoder-ogg-vorbis: bf7c407c2cedff20999df2af8eb42d56 -> 
  custom:audio-encoder-webm-vorbis: bf7c407c2cedff20999df2af8eb42d56 -> 
========================================================================
Received Prepare
Registering precompiled user dll's ...
Registered in 0.002334 seconds.
Begin MonoManager ReloadAssembly
Native extension for WindowsStandalone target not found
Refreshing native plugins compatible for Editor in 0.54 ms, found 3 plugins.
Preloading 0 native plugins for Editor in 0.00 ms.
Mono: successfully reloaded assembly
- Completed reload, in  1.079 seconds
Domain Reload Profiling:
	ReloadAssembly (1079ms)
		BeginReloadAssembly (125ms)
			ExecutionOrderSort (0ms)
			DisableScriptedObjects (8ms)
			BackupInstance (0ms)
			ReleaseScriptingObjects (0ms)
			CreateAndSetChildDomain (35ms)
		EndReloadAssembly (885ms)
			LoadAssemblies (95ms)
			RebuildTransferFunctionScriptingTraits (0ms)
			SetupTypeCache (288ms)
			ReleaseScriptCaches (1ms)
			RebuildScriptCaches (56ms)
			SetupLoadedEditorAssemblies (337ms)
				LogAssemblyErrors (0ms)
				InitializePlatformSupportModulesInManaged (6ms)
				SetLoadedEditorAssemblies (0ms)
				RefreshPlugins (1ms)
				BeforeProcessingInitializeOnLoad (91ms)
				ProcessInitializeOnLoadAttributes (224ms)
				ProcessInitializeOnLoadMethodAttributes (7ms)
				AfterProcessingInitializeOnLoad (8ms)
				EditorAssembliesLoaded (0ms)
			ExecutionOrderSort2 (0ms)
			AwakeInstancesAfterBackupRestoration (13ms)
Platform modules already initialized, skipping
Refreshing native plugins compatible for Editor in 0.47 ms, found 3 plugins.
Preloading 0 native plugins for Editor in 0.00 ms.
Unloading 2080 Unused Serialized files (Serialized files now loaded: 0)
System memory in use before: 95.5 MB.
System memory in use after: 95.6 MB.

Unloading 14 unused Assets to reduce memory usage. Loaded Objects now: 2572.
Total: 2.920700 ms (FindLiveObjects: 0.198900 ms CreateObjectMapping: 0.046200 ms MarkObjects: 2.659600 ms  DeleteObjects: 0.015000 ms)

AssetImportParameters requested are different than current active one (requested -> active):
  custom:framework-win-MediaFoundation: 216162199b28c13a410421893ffa2e32 -> 
  custom:video-decoder-ogg-theora: a1e56fd34408186e4bbccfd4996cb3dc -> 
  custom:container-muxer-webm: aa71ff27fc2769a1b78a27578f13a17b -> 
  custom:container-demuxer-webm: 4f35f7cbe854078d1ac9338744f61a02 -> 
  custom:container-demuxer-ogg: 62fdf1f143b41e24485cea50d1cbac27 -> 
  custom:video-encoder-webm-vp8: eb34c28f22e8b96e1ab97ce403110664 -> 
  custom:video-decoder-webm-vp8: 9c59270c3fd7afecdb556c50c9e8de78 -> 
  custom:audio-decoder-ogg-vorbis: bf7c407c2cedff20999df2af8eb42d56 -> 
  custom:audio-encoder-webm-vorbis: bf7c407c2cedff20999df2af8eb42d56 -> 
========================================================================
Received Import Request.
  Time since last request: 2969.298370 seconds.
  path: Assets/Sprites/ModalBackground.png
  artifactKey: Guid(ee60707759b911f43832e9f32c25e137) Importer(815301076,1909f56bfc062723c751e8b465ee728b)
Start importing Assets/Sprites/ModalBackground.png using Guid(ee60707759b911f43832e9f32c25e137) Importer(815301076,1909f56bfc062723c751e8b465ee728b)  -> (artifact id: '6b4aa250433588ba28969e2bf689e45f') in 0.074758 seconds 
  Import took 0.078241 seconds .

========================================================================
Received Import Request.
  Time since last request: 51.495359 seconds.
  path: Assets/Sprites/ModalBackground.png
  artifactKey: Guid(ee60707759b911f43832e9f32c25e137) Importer(815301076,1909f56bfc062723c751e8b465ee728b)
Start importing Assets/Sprites/ModalBackground.png using Guid(ee60707759b911f43832e9f32c25e137) Importer(815301076,1909f56bfc062723c751e8b465ee728b)  -> (artifact id: 'e3dbeb58b1d2e47f8ef9c8ca43fc5d23') in 0.023067 seconds 
  Import took 0.037151 seconds .

========================================================================
Received Import Request.
  Time since last request: 268.726664 seconds.
  path: Assets
  artifactKey: Guid(00000000000000001000000000000000) Importer(815301076,1909f56bfc062723c751e8b465ee728b)
Start importing Assets using Guid(00000000000000001000000000000000) Importer(815301076,1909f56bfc062723c751e8b465ee728b)  -> (artifact id: '42d402b061de3733987d63b9cc3b64de') in 0.005711 seconds 
  Import took 0.008816 seconds .

========================================================================
Received Import Request.
  Time since last request: 8.340913 seconds.
  path: Assets/Fonts
  artifactKey: Guid(de60c44b574e68447b9fe5fbce936c64) Importer(815301076,1909f56bfc062723c751e8b465ee728b)
Start importing Assets/Fonts using Guid(de60c44b574e68447b9fe5fbce936c64) Importer(815301076,1909f56bfc062723c751e8b465ee728b)  -> (artifact id: '547ac71d2c07309d031c6ec1fed07af1') in 0.005300 seconds 
  Import took 0.032889 seconds .

========================================================================
Received Import Request.
  Time since last request: 7.885704 seconds.
  path: Assets/Fonts/PollerOne-Regular.ttf
  artifactKey: Guid(69c0dca6a97d335479e700dfcf15f144) Importer(815301076,1909f56bfc062723c751e8b465ee728b)
Start importing Assets/Fonts/PollerOne-Regular.ttf using Guid(69c0dca6a97d335479e700dfcf15f144) Importer(815301076,1909f56bfc062723c751e8b465ee728b)  -> (artifact id: '4180a697d07eef30294b43850b41753f') in 0.073451 seconds 
  Import took 0.076582 seconds .

AssetImportWorkerClient::OnTransportError - code=2 error=End of file
